EXPLAIN (ANALYZE) SELECT * FROM actor a;

1.Seq Scan on actor a  (cost=0.00..4.00 rows=200 width=25) (actual time=0.724..0.986 rows=200 loops=1)
2.Planning time: 0.065 ms
3.Execution time: 1.003 ms

actual time —    реальное время в миллисекундах, затраченное для получения
	  	 первой строки и всех строк соответственно.
rows —           реальное количество строк, полученных при Seq Scan.
loops —          сколько раз пришлось выполнить операцию Seq Scan.
Total runtime —  общее время выполнения запроса.

